2022-10-24 09:30:31.256  INFO 15268 --- [main] com.example.demo.ECommerceApplication    : Starting ECommerceApplication on Tower with PID 15268 (D:\MyDrive\2_Workspace\Udacity\JavaWebDeveloper\eCommerceApplication\target\classes started by User in D:\MyDrive\2_Workspace\Udacity\JavaWebDeveloper\eCommerceApplication)
2022-10-24 09:30:31.258  INFO 15268 --- [main] com.example.demo.ECommerceApplication    : No active profile set, falling back to default profiles: default
2022-10-24 09:30:31.642  INFO 15268 --- [main] .s.d.r.c.RepositoryConfigurationDelegate : Bootstrapping Spring Data JPA repositories in DEFAULT mode.
2022-10-24 09:30:31.689  INFO 15268 --- [main] .s.d.r.c.RepositoryConfigurationDelegate : Finished Spring Data repository scanning in 41ms. Found 4 JPA repository interfaces.
2022-10-24 09:30:31.950  INFO 15268 --- [main] trationDelegate$BeanPostProcessorChecker : Bean 'org.springframework.transaction.annotation.ProxyTransactionManagementConfiguration' of type [org.springframework.transaction.annotation.ProxyTransactionManagementConfiguration] is not eligible for getting processed by all BeanPostProcessors (for example: not eligible for auto-proxying)
2022-10-24 09:30:32.068  INFO 15268 --- [main] o.s.b.w.embedded.tomcat.TomcatWebServer  : Tomcat initialized with port(s): 8080 (http)
2022-10-24 09:30:32.073  INFO 15268 --- [main] o.apache.catalina.core.StandardService   : Starting service [Tomcat]
2022-10-24 09:30:32.073  INFO 15268 --- [main] org.apache.catalina.core.StandardEngine  : Starting Servlet engine: [Apache Tomcat/9.0.29]
2022-10-24 09:30:32.120  INFO 15268 --- [main] o.a.c.c.C.[Tomcat].[localhost].[/]       : Initializing Spring embedded WebApplicationContext
2022-10-24 09:30:32.120  INFO 15268 --- [main] o.s.web.context.ContextLoader            : Root WebApplicationContext: initialization completed in 825 ms
2022-10-24 09:30:32.204  INFO 15268 --- [main] o.hibernate.jpa.internal.util.LogHelper  : HHH000204: Processing PersistenceUnitInfo [name: default]
2022-10-24 09:30:32.238  INFO 15268 --- [main] org.hibernate.Version                    : HHH000412: Hibernate Core {5.4.9.Final}
2022-10-24 09:30:32.298  INFO 15268 --- [main] o.hibernate.annotations.common.Version   : HCANN000001: Hibernate Commons Annotations {5.1.0.Final}
2022-10-24 09:30:32.348  INFO 15268 --- [main] com.zaxxer.hikari.HikariDataSource       : HikariPool-1 - Starting...
2022-10-24 09:30:32.399  INFO 15268 --- [main] com.zaxxer.hikari.HikariDataSource       : HikariPool-1 - Start completed.
2022-10-24 09:30:32.405  INFO 15268 --- [main] org.hibernate.dialect.Dialect            : HHH000400: Using dialect: org.hibernate.dialect.H2Dialect
2022-10-24 09:30:32.783  INFO 15268 --- [main] o.h.e.t.j.p.i.JtaPlatformInitiator       : HHH000490: Using JtaPlatform implementation: [org.hibernate.engine.transaction.jta.platform.internal.NoJtaPlatform]
2022-10-24 09:30:32.786  INFO 15268 --- [main] j.LocalContainerEntityManagerFactoryBean : Initialized JPA EntityManagerFactory for persistence unit 'default'
2022-10-24 09:30:33.012  WARN 15268 --- [main] JpaBaseConfiguration$JpaWebConfiguration : spring.jpa.open-in-view is enabled by default. Therefore, database queries may be performed during view rendering. Explicitly configure spring.jpa.open-in-view to disable this warning
2022-10-24 09:30:33.155  INFO 15268 --- [main] o.s.s.web.DefaultSecurityFilterChain     : Creating filter chain: any request, [org.springframework.security.web.context.request.async.WebAsyncManagerIntegrationFilter@43719e98, org.springframework.security.web.context.SecurityContextPersistenceFilter@38fc34fd, org.springframework.security.web.header.HeaderWriterFilter@4040ccae, org.springframework.web.filter.CorsFilter@49353d43, org.springframework.security.web.authentication.logout.LogoutFilter@40b01718, com.example.demo.security.JWTAuthenticationFilter@57e57dc5, com.example.demo.security.JWTAuthenticationVerificationFilter@5bba9949, org.springframework.security.web.savedrequest.RequestCacheAwareFilter@2e013ba1, org.springframework.security.web.servletapi.SecurityContextHolderAwareRequestFilter@3e61cffd, org.springframework.security.web.authentication.AnonymousAuthenticationFilter@147059f8, org.springframework.security.web.session.SessionManagementFilter@18f8ebd4, org.springframework.security.web.access.ExceptionTranslationFilter@3bc6c10f, org.springframework.security.web.access.intercept.FilterSecurityInterceptor@2e02cc37]
2022-10-24 09:30:33.184  INFO 15268 --- [main] o.s.s.concurrent.ThreadPoolTaskExecutor  : Initializing ExecutorService 'applicationTaskExecutor'
2022-10-24 09:30:33.277  INFO 15268 --- [main] o.s.b.w.embedded.tomcat.TomcatWebServer  : Tomcat started on port(s): 8080 (http) with context path ''
2022-10-24 09:30:33.279  INFO 15268 --- [main] com.example.demo.ECommerceApplication    : Started ECommerceApplication in 2.235 seconds (JVM running for 2.811)
